Buttercup Bella
Blue Bella
Sue Beatrice
Beatrice
Beatrice
Beatrice
Beatrice
Beatrice
Beatrice
Beatrice
Beatrice
Beatrice
Beatrice
Beatrice
Beatrice
Beatrice
Beatrice
Beatrice
Beatrice
Beatrice
Beatrice
Beatrice
Beatrice
Beatrice
Beatrice
Beatrice
Beatrice
Beatrice
Beatrice
Beatrice
Beatrice
Beatrice
Beatrice
Beatrice
Beatrice
Beatrice
Beatrice
Beatrice
Beatrice
Beatrice
Beatrice
Beatrice
Beatrice
Beatrice
Beatrice
Beatrice
Beatrice
Beatrice
Beatrice
Beatrice
Beatrice
Belinda
Belinda
Belinda
Belinda
Belinda
Belinda
Belinda
Belinda
Belinda
Belinda
Belinda
Belinda
Belinda
Belinda
Belinda
Belinda
Belinda
Belinda
Belinda
Belinda
Belinda
Belinda
Belinda
Belinda
Belinda
Belinda
Belinda
Belinda
Belinda
Belinda
Belinda
Belinda
Belinda
Belinda
Belinda
Belinda
Belinda
Belinda
Belinda
Belinda
Belinda
Belinda
Belinda
Belinda
Belinda
Belinda
Belinda
Belinda
Belinda
Belinda
Belinda
Belinda
Belinda
Belinda
Belinda
Belinda
Belinda
Belinda
Belinda
Belinda
Belinda
Belinda
Belinda
Belinda
Belinda
Belinda
Belinda
Belinda
Belinda
Belinda
Belinda
Belinda
Belinda
Belinda
Belinda
Belinda
Belinda
Belinda
Belinda
Belinda
Belinda
Belinda
Belinda
Belinda
Belinda
Belinda
Belinda
Belinda
Belinda
Belinda
Belinda
Belinda
Belinda
Belinda
Belinda
Belinda
Bessie
Bessie
Bessie
Bessie
Bessie
Bessie
Bessie
Bessie
Bessie
Bessie
Bessie
Bessie
Bessie
Bessie
Bessie
Bessie
Bessie
Bessie
Bessie
Bessie
Bessie
Bessie
Bessie
Bessie
Bessie
Bessie
Bessie
Bessie
Bessie
Bessie
Bessie
Bessie
Bessie
Bessie
Bessie
Bessie
Bessie
Bessie
Bessie
Bessie
Bessie
Bessie
Bessie
Bessie
Bessie
Bessie
Bessie
Bessie
Bessie
Bessie
Bessie
Bessie
Bessie
Bessie
Bessie
Bessie
Bessie
Bessie
Bessie
Bessie
Bessie
Bessie
Bessie
Bessie
Bessie
Bessie
Bessie
Bessie
Bessie
Bessie
Bessie
Bessie
Bessie
Bessie
Bessie
Bessie
Bessie
Bessie
Bessie
Bessie
Bessie
Bessie
Bessie
Bessie
Bessie
Bessie
Bessie
Bessie
Bessie
Bessie
Bessie
Bessie
Bessie
Bessie
Bessie
Bessie
Betsy
Betsy
Betsy
Betsy
Betsy
Betsy
Betsy
Betsy
Betsy
Betsy
Betsy
Betsy
Betsy
Betsy
Betsy
Betsy
Betsy
Betsy
Betsy
Betsy
Betsy
Betsy
Betsy
Betsy
Betsy
Betsy
Betsy
Betsy
Betsy
Betsy
Betsy
Betsy
Betsy
Betsy
Betsy
Betsy
Betsy
Betsy
Betsy
Betsy
Betsy
Betsy
Betsy
Betsy
Betsy
Betsy
Betsy
Betsy
Betsy
Betsy
Betsy
Betsy
Betsy
Betsy
Betsy
Betsy
Betsy
Betsy
Betsy
Betsy
Betsy
Betsy
Betsy
Betsy
Betsy
Betsy
Betsy
Betsy
Betsy
Betsy
Betsy
Betsy
Betsy
Betsy
Betsy
Betsy
Betsy
Betsy
Betsy
Betsy
Betsy
Betsy
Betsy
Betsy
Betsy
Betsy
Betsy
Betsy
Betsy
Betsy
Betsy
Betsy
Betsy
Betsy
Betsy
Betsy
Blue
Blue
Blue
Blue
Blue
Blue
Blue
Blue
Blue
Blue
Blue
Blue
Blue
Blue
Blue
Blue
Blue
Blue
Blue
Blue
Blue
Blue
Blue
Blue
Blue
Blue
Blue
Blue
Blue
Blue
Blue
Blue
Blue
Blue
Blue
Blue
Blue
Blue
Blue
Blue
Blue
Blue
Blue
Blue
Blue
Blue
Blue
Blue
Buttercup
Buttercup
Buttercup
Buttercup
Buttercup
Buttercup
Buttercup
Buttercup
Buttercup
Buttercup
Buttercup
Buttercup
Buttercup
Buttercup
Buttercup
Buttercup
Buttercup
Buttercup
Buttercup
Buttercup
Buttercup
Buttercup
Buttercup
Buttercup
Buttercup
Buttercup
Buttercup
Buttercup
Buttercup
Buttercup
Buttercup
Buttercup
Buttercup
Buttercup
Buttercup
Buttercup
Buttercup
Buttercup
Buttercup
Buttercup
Buttercup
Buttercup
Buttercup
Buttercup
Buttercup
Buttercup
Buttercup
Buttercup
Sue
Sue
Sue
Sue
Sue
Sue
Sue
Sue
Sue
Sue
Sue
Sue
Sue
Sue
Sue
Sue
Sue
Sue
Sue
Sue
Sue
Sue
Sue
Sue
Sue
Sue
Sue
Sue
Sue
Sue
Sue
Sue
Sue
Sue
Sue
Sue
Sue
Sue
Sue
Sue
Sue
Sue
Sue
Sue
Sue
Sue
Sue
Sue
